TN:
SF:src\pages\Checkout\Checkout.tsx
FN:13,(anonymous_8)
FN:14,(anonymous_9)
FN:15,(anonymous_10)
FN:19,(anonymous_11)
FN:24,(anonymous_12)
FN:28,handleZipCode
FN:58,(anonymous_15)
FN:138,(anonymous_16)
FN:280,(anonymous_17)
FN:298,(anonymous_18)
FN:312,(anonymous_19)
FNF:11
FNH:10
FNDA:15,(anonymous_8)
FNDA:21,(anonymous_9)
FNDA:21,(anonymous_10)
FNDA:0,(anonymous_11)
FNDA:2,(anonymous_12)
FNDA:25,handleZipCode
FNDA:2,(anonymous_15)
FNDA:25,(anonymous_16)
FNDA:15,(anonymous_17)
FNDA:15,(anonymous_18)
FNDA:45,(anonymous_19)
DA:1,1
DA:2,1
DA:3,1
DA:4,1
DA:5,1
DA:8,1
DA:10,1
DA:11,1
DA:13,1
DA:14,21
DA:15,21
DA:16,15
DA:19,15
DA:20,0
DA:21,0
DA:24,15
DA:25,2
DA:29,25
DA:31,25
DA:34,25
DA:35,25
DA:36,3
DA:37,3
DA:38,2
DA:39,2
DA:40,2
DA:41,2
DA:42,2
DA:43,2
DA:45,1
DA:51,15
DA:59,2
DA:60,2
DA:61,2
DA:138,25
DA:281,15
DA:299,15
DA:313,45
DA:364,1
LF:39
LH:37
BRDA:31,0,0,9
BRDA:31,0,1,16
BRDA:35,1,0,3
BRDA:35,1,1,22
BRDA:39,2,0,2
BRDA:39,2,1,2
BRDA:40,3,0,2
BRDA:40,3,1,0
BRDA:41,4,0,2
BRDA:41,4,1,0
BRDA:42,5,0,2
BRDA:42,5,1,0
BRDA:43,6,0,2
BRDA:43,6,1,0
BRDA:83,7,0,15
BRDA:83,7,1,1
BRDA:103,8,0,15
BRDA:103,8,1,1
BRDA:141,9,0,15
BRDA:141,9,1,1
BRDA:158,10,0,15
BRDA:158,10,1,2
BRDA:176,11,0,15
BRDA:176,11,1,1
BRDA:193,12,0,15
BRDA:193,12,1,1
BRDA:210,13,0,15
BRDA:210,13,1,1
BRDA:227,14,0,15
BRDA:227,14,1,2
BRDA:244,15,0,15
BRDA:244,15,1,1
BRDA:261,16,0,15
BRDA:261,16,1,1
BRDA:323,17,0,45
BRDA:323,17,1,15
BRDA:324,18,0,45
BRDA:324,18,1,15
BRDA:325,19,0,45
BRDA:325,19,1,15
BRDA:327,20,0,45
BRDA:327,20,1,2
BRDA:329,21,0,2
BRDA:329,21,1,2
BRDA:330,22,0,2
BRDA:330,22,1,0
BRDA:331,23,0,2
BRDA:331,23,1,0
BRF:48
BRH:42
end_of_record
TN:
SF:src\pages\Contact\Contact.tsx
FN:9,(anonymous_1)
FN:12,(anonymous_2)
FNF:2
FNH:2
FNDA:15,(anonymous_1)
FNDA:1,(anonymous_2)
DA:1,1
DA:2,1
DA:3,1
DA:4,1
DA:5,1
DA:7,1
DA:9,1
DA:10,15
DA:12,15
DA:13,1
DA:14,1
DA:17,15
DA:173,1
LF:13
LH:13
BRDA:109,0,0,15
BRDA:109,0,1,2
BRDA:126,1,0,15
BRDA:126,1,1,2
BRF:4
BRH:4
end_of_record
