TN:
SF:src\pages\Checkout\Checkout.tsx
FN:13,(anonymous_8)
FN:14,(anonymous_9)
FN:15,(anonymous_10)
FN:19,(anonymous_11)
FN:24,(anonymous_12)
FN:28,handleZipCode
FN:56,(anonymous_15)
FN:136,(anonymous_16)
FN:278,(anonymous_17)
FN:296,(anonymous_18)
FN:310,(anonymous_19)
FNF:11
FNH:10
FNDA:17,(anonymous_8)
FNDA:24,(anonymous_9)
FNDA:24,(anonymous_10)
FNDA:0,(anonymous_11)
FNDA:2,(anonymous_12)
FNDA:33,handleZipCode
FNDA:2,(anonymous_15)
FNDA:33,(anonymous_16)
FNDA:17,(anonymous_17)
FNDA:17,(anonymous_18)
FNDA:51,(anonymous_19)
DA:1,1
DA:2,1
DA:3,1
DA:4,1
DA:5,1
DA:8,1
DA:10,1
DA:11,1
DA:13,1
DA:14,24
DA:15,24
DA:16,17
DA:19,17
DA:20,0
DA:21,0
DA:24,17
DA:25,2
DA:29,33
DA:31,33
DA:34,33
DA:35,33
DA:36,4
DA:37,4
DA:38,3
DA:39,3
DA:40,3
DA:41,3
DA:43,1
DA:49,17
DA:57,2
DA:58,2
DA:59,2
DA:136,33
DA:279,17
DA:297,17
DA:311,51
DA:362,1
LF:37
LH:35
BRDA:31,0,0,12
BRDA:31,0,1,21
BRDA:35,1,0,4
BRDA:35,1,1,29
BRDA:39,2,0,3
BRDA:39,2,1,1
BRDA:40,3,0,3
BRDA:40,3,1,1
BRDA:41,4,0,3
BRDA:41,4,1,1
BRDA:81,5,0,17
BRDA:81,5,1,1
BRDA:101,6,0,17
BRDA:101,6,1,1
BRDA:139,7,0,17
BRDA:139,7,1,1
BRDA:156,8,0,17
BRDA:156,8,1,2
BRDA:174,9,0,17
BRDA:174,9,1,1
BRDA:191,10,0,17
BRDA:191,10,1,1
BRDA:208,11,0,17
BRDA:208,11,1,1
BRDA:225,12,0,17
BRDA:225,12,1,2
BRDA:242,13,0,17
BRDA:242,13,1,1
BRDA:259,14,0,17
BRDA:259,14,1,1
BRDA:321,15,0,51
BRDA:321,15,1,17
BRDA:322,16,0,51
BRDA:322,16,1,17
BRDA:323,17,0,51
BRDA:323,17,1,17
BRDA:325,18,0,51
BRDA:325,18,1,2
BRDA:327,19,0,2
BRDA:327,19,1,2
BRDA:328,20,0,2
BRDA:328,20,1,0
BRDA:329,21,0,2
BRDA:329,21,1,0
BRF:44
BRH:42
end_of_record
TN:
SF:src\pages\Contact\Contact.tsx
FN:9,(anonymous_1)
FN:12,(anonymous_2)
FNF:2
FNH:2
FNDA:15,(anonymous_1)
FNDA:1,(anonymous_2)
DA:1,1
DA:2,1
DA:3,1
DA:4,1
DA:5,1
DA:7,1
DA:9,1
DA:10,15
DA:12,15
DA:13,1
DA:14,1
DA:17,15
DA:173,1
LF:13
LH:13
BRDA:109,0,0,15
BRDA:109,0,1,2
BRDA:126,1,0,15
BRDA:126,1,1,2
BRF:4
BRH:4
end_of_record
